{"__type":"$$EventMessageAudit","id":"0f5136e6-880f-4cb6-a423-0faac70764cc","ts":"2025-08-18T13:04:47.596-04:00","eventName":"n8n.audit.workflow.updated","message":"n8n.audit.workflow.updated","payload":{"userId":"5e3a59b8-577d-40f8-9f10-14f5bfca7e38","_email":"derricknjuguna414@gmail.com","_firstName":"Derrick","_lastName":"Mungai","globalRole":"global:owner","workflowId":"ja5VZHA4RlmLFvJE","workflowName":"My workflow"}}
{"__type":"$$EventMessageConfirm","confirm":"0f5136e6-880f-4cb6-a423-0faac70764cc","ts":"2025-08-18T13:04:47.607-04:00","source":{"id":"0","name":"eventBus"}}
{"__type":"$$EventMessageAudit","id":"d694363e-01f0-4bb0-8527-aa8dd94fa9f6","ts":"2025-08-18T13:05:04.608-04:00","eventName":"n8n.audit.workflow.updated","message":"n8n.audit.workflow.updated","payload":{"userId":"5e3a59b8-577d-40f8-9f10-14f5bfca7e38","_email":"derricknjuguna414@gmail.com","_firstName":"Derrick","_lastName":"Mungai","globalRole":"global:owner","workflowId":"ja5VZHA4RlmLFvJE","workflowName":"My workflow"}}
{"__type":"$$EventMessageConfirm","confirm":"d694363e-01f0-4bb0-8527-aa8dd94fa9f6","ts":"2025-08-18T13:05:04.610-04:00","source":{"id":"0","name":"eventBus"}}
{"__type":"$$EventMessageAudit","id":"b35579ca-4adc-441f-812f-8290dffecf7a","ts":"2025-08-18T13:05:13.613-04:00","eventName":"n8n.audit.workflow.updated","message":"n8n.audit.workflow.updated","payload":{"userId":"5e3a59b8-577d-40f8-9f10-14f5bfca7e38","_email":"derricknjuguna414@gmail.com","_firstName":"Derrick","_lastName":"Mungai","globalRole":"global:owner","workflowId":"zumA7O7Fd4sqoth0","workflowName":"whats app 1"}}
{"__type":"$$EventMessageConfirm","confirm":"b35579ca-4adc-441f-812f-8290dffecf7a","ts":"2025-08-18T13:05:13.614-04:00","source":{"id":"0","name":"eventBus"}}
{"__type":"$$EventMessageAudit","id":"27b593ba-2a48-49f7-a981-360bc09c09c5","ts":"2025-08-18T13:14:24.492-04:00","eventName":"n8n.audit.workflow.updated","message":"n8n.audit.workflow.updated","payload":{"userId":"5e3a59b8-577d-40f8-9f10-14f5bfca7e38","_email":"derricknjuguna414@gmail.com","_firstName":"Derrick","_lastName":"Mungai","globalRole":"global:owner","workflowId":"ja5VZHA4RlmLFvJE","workflowName":"My workflow"}}
{"__type":"$$EventMessageConfirm","confirm":"27b593ba-2a48-49f7-a981-360bc09c09c5","ts":"2025-08-18T13:14:24.494-04:00","source":{"id":"0","name":"eventBus"}}
{"__type":"$$EventMessageAudit","id":"36228340-f340-465e-ae76-8260565a6c7c","ts":"2025-08-18T14:32:16.412-04:00","eventName":"n8n.audit.workflow.updated","message":"n8n.audit.workflow.updated","payload":{"userId":"5e3a59b8-577d-40f8-9f10-14f5bfca7e38","_email":"derricknjuguna414@gmail.com","_firstName":"Derrick","_lastName":"Mungai","globalRole":"global:owner","workflowId":"ja5VZHA4RlmLFvJE","workflowName":"My workflow"}}
{"__type":"$$EventMessageConfirm","confirm":"36228340-f340-465e-ae76-8260565a6c7c","ts":"2025-08-18T14:32:16.415-04:00","source":{"id":"0","name":"eventBus"}}
{"__type":"$$EventMessageWorkflow","id":"2587dbc2-e1b8-4f72-971d-cd04eecb0ecb","ts":"2025-08-18T17:01:51.688-04:00","eventName":"n8n.workflow.failed","message":"n8n.workflow.failed","payload":{"executionId":"120","success":false,"isManual":false,"workflowId":"ja5VZHA4RlmLFvJE","workflowName":"My workflow","errorMessage":"The workflow has issues and cannot be executed for that reason. Please fix them first."}}
{"__type":"$$EventMessageConfirm","confirm":"2587dbc2-e1b8-4f72-971d-cd04eecb0ecb","ts":"2025-08-18T17:01:51.690-04:00","source":{"id":"0","name":"eventBus"}}
{"__type":"$$EventMessageWorkflow","id":"46ed6077-da81-48ae-9a92-e4a929d79d86","ts":"2025-08-18T17:03:06.524-04:00","eventName":"n8n.workflow.failed","message":"n8n.workflow.failed","payload":{"executionId":"121","success":false,"isManual":false,"workflowId":"ja5VZHA4RlmLFvJE","workflowName":"My workflow","errorMessage":"The workflow has issues and cannot be executed for that reason. Please fix them first."}}
{"__type":"$$EventMessageConfirm","confirm":"46ed6077-da81-48ae-9a92-e4a929d79d86","ts":"2025-08-18T17:03:06.526-04:00","source":{"id":"0","name":"eventBus"}}
{"__type":"$$EventMessageWorkflow","id":"0ba8b3dc-b027-47be-9dae-afea57c6cb32","ts":"2025-08-18T17:04:45.192-04:00","eventName":"n8n.workflow.failed","message":"n8n.workflow.failed","payload":{"executionId":"122","success":false,"isManual":false,"workflowId":"ja5VZHA4RlmLFvJE","workflowName":"My workflow","errorMessage":"The workflow has issues and cannot be executed for that reason. Please fix them first."}}
{"__type":"$$EventMessageConfirm","confirm":"0ba8b3dc-b027-47be-9dae-afea57c6cb32","ts":"2025-08-18T17:04:45.194-04:00","source":{"id":"0","name":"eventBus"}}
{"__type":"$$EventMessageWorkflow","id":"d3f6366f-c48b-478e-b7be-a27e8ccad983","ts":"2025-08-18T17:05:24.628-04:00","eventName":"n8n.workflow.failed","message":"n8n.workflow.failed","payload":{"executionId":"123","success":false,"isManual":false,"workflowId":"ja5VZHA4RlmLFvJE","workflowName":"My workflow","errorMessage":"The workflow has issues and cannot be executed for that reason. Please fix them first."}}
{"__type":"$$EventMessageConfirm","confirm":"d3f6366f-c48b-478e-b7be-a27e8ccad983","ts":"2025-08-18T17:05:24.630-04:00","source":{"id":"0","name":"eventBus"}}
{"__type":"$$EventMessageAudit","id":"4752af6e-9da7-42d3-ad0b-6beaca261868","ts":"2025-08-18T17:05:37.241-04:00","eventName":"n8n.audit.workflow.updated","message":"n8n.audit.workflow.updated","payload":{"userId":"5e3a59b8-577d-40f8-9f10-14f5bfca7e38","_email":"derricknjuguna414@gmail.com","_firstName":"Derrick","_lastName":"Mungai","globalRole":"global:owner","workflowId":"ja5VZHA4RlmLFvJE","workflowName":"My workflow"}}
{"__type":"$$EventMessageConfirm","confirm":"4752af6e-9da7-42d3-ad0b-6beaca261868","ts":"2025-08-18T17:05:37.242-04:00","source":{"id":"0","name":"eventBus"}}
{"__type":"$$EventMessageWorkflow","id":"b799b3b2-d731-4f3b-84fb-4e5f11f059f1","ts":"2025-08-18T17:05:48.859-04:00","eventName":"n8n.workflow.started","message":"n8n.workflow.started","payload":{"executionId":"124","workflowId":"ja5VZHA4RlmLFvJE","isManual":false,"workflowName":"My workflow"}}
{"__type":"$$EventMessageConfirm","confirm":"b799b3b2-d731-4f3b-84fb-4e5f11f059f1","ts":"2025-08-18T17:05:48.860-04:00","source":{"id":"0","name":"eventBus"}}
{"__type":"$$EventMessageNode","id":"a0199ca5-9375-4716-9097-cea7150f7543","ts":"2025-08-18T17:05:48.867-04:00","eventName":"n8n.node.started","message":"n8n.node.started","payload":{"workflowId":"ja5VZHA4RlmLFvJE","workflowName":"My workflow","executionId":"124","nodeType":"n8n-nodes-base.webhook","nodeName":"Webhook","nodeId":"1bebf6e9-d809-4fde-99e4-848e4fc09395"}}
{"__type":"$$EventMessageConfirm","confirm":"a0199ca5-9375-4716-9097-cea7150f7543","ts":"2025-08-18T17:05:48.868-04:00","source":{"id":"0","name":"eventBus"}}
{"__type":"$$EventMessageNode","id":"0d8f6490-0154-43e2-a7e4-b7a5742dc664","ts":"2025-08-18T17:05:48.877-04:00","eventName":"n8n.node.finished","message":"n8n.node.finished","payload":{"workflowId":"ja5VZHA4RlmLFvJE","workflowName":"My workflow","executionId":"124","nodeType":"n8n-nodes-base.webhook","nodeName":"Webhook","nodeId":"1bebf6e9-d809-4fde-99e4-848e4fc09395"}}
{"__type":"$$EventMessageConfirm","confirm":"0d8f6490-0154-43e2-a7e4-b7a5742dc664","ts":"2025-08-18T17:05:48.877-04:00","source":{"id":"0","name":"eventBus"}}
{"__type":"$$EventMessageWorkflow","id":"a0a9f413-adb9-4c4d-9b19-db067bee491b","ts":"2025-08-18T17:05:48.885-04:00","eventName":"n8n.workflow.success","message":"n8n.workflow.success","payload":{"executionId":"124","success":true,"isManual":false,"workflowId":"ja5VZHA4RlmLFvJE","workflowName":"My workflow"}}
{"__type":"$$EventMessageConfirm","confirm":"a0a9f413-adb9-4c4d-9b19-db067bee491b","ts":"2025-08-18T17:05:48.886-04:00","source":{"id":"0","name":"eventBus"}}
