{"__type":"$$EventMessageWorkflow","id":"af82d9b7-e34f-4f29-aeee-07f0d4d8d770","ts":"2025-08-19T10:00:45.525-04:00","eventName":"n8n.workflow.started","message":"n8n.workflow.started","payload":{"executionId":"125","workflowId":"ja5VZHA4RlmLFvJE","isManual":false,"workflowName":"My workflow"}}
{"__type":"$$EventMessageConfirm","confirm":"af82d9b7-e34f-4f29-aeee-07f0d4d8d770","ts":"2025-08-19T10:00:45.529-04:00","source":{"id":"0","name":"eventBus"}}
{"__type":"$$EventMessageNode","id":"9e5ab7fc-02bb-4f4b-8c30-07eb485c1a91","ts":"2025-08-19T10:00:45.536-04:00","eventName":"n8n.node.started","message":"n8n.node.started","payload":{"workflowId":"ja5VZHA4RlmLFvJE","workflowName":"My workflow","executionId":"125","nodeType":"n8n-nodes-base.webhook","nodeName":"Webhook","nodeId":"1bebf6e9-d809-4fde-99e4-848e4fc09395"}}
{"__type":"$$EventMessageConfirm","confirm":"9e5ab7fc-02bb-4f4b-8c30-07eb485c1a91","ts":"2025-08-19T10:00:45.537-04:00","source":{"id":"0","name":"eventBus"}}
{"__type":"$$EventMessageNode","id":"bdc13215-e13f-4748-a699-980b899648c5","ts":"2025-08-19T10:00:45.544-04:00","eventName":"n8n.node.finished","message":"n8n.node.finished","payload":{"workflowId":"ja5VZHA4RlmLFvJE","workflowName":"My workflow","executionId":"125","nodeType":"n8n-nodes-base.webhook","nodeName":"Webhook","nodeId":"1bebf6e9-d809-4fde-99e4-848e4fc09395"}}
{"__type":"$$EventMessageConfirm","confirm":"bdc13215-e13f-4748-a699-980b899648c5","ts":"2025-08-19T10:00:45.544-04:00","source":{"id":"0","name":"eventBus"}}
{"__type":"$$EventMessageWorkflow","id":"ff293ab7-9429-4733-9112-f4ae01f42261","ts":"2025-08-19T10:00:45.555-04:00","eventName":"n8n.workflow.success","message":"n8n.workflow.success","payload":{"executionId":"125","success":true,"isManual":false,"workflowId":"ja5VZHA4RlmLFvJE","workflowName":"My workflow"}}
{"__type":"$$EventMessageConfirm","confirm":"ff293ab7-9429-4733-9112-f4ae01f42261","ts":"2025-08-19T10:00:45.557-04:00","source":{"id":"0","name":"eventBus"}}
{"__type":"$$EventMessageWorkflow","id":"82360a4d-e060-429d-8d71-21b281a0d105","ts":"2025-08-19T10:16:53.360-04:00","eventName":"n8n.workflow.started","message":"n8n.workflow.started","payload":{"executionId":"126","workflowId":"ja5VZHA4RlmLFvJE","isManual":false,"workflowName":"My workflow"}}
{"__type":"$$EventMessageConfirm","confirm":"82360a4d-e060-429d-8d71-21b281a0d105","ts":"2025-08-19T10:16:53.363-04:00","source":{"id":"0","name":"eventBus"}}
{"__type":"$$EventMessageNode","id":"b22db79e-8db0-4dfc-a6b1-91124a77f57c","ts":"2025-08-19T10:16:53.365-04:00","eventName":"n8n.node.started","message":"n8n.node.started","payload":{"workflowId":"ja5VZHA4RlmLFvJE","workflowName":"My workflow","executionId":"126","nodeType":"n8n-nodes-base.webhook","nodeName":"Webhook","nodeId":"1bebf6e9-d809-4fde-99e4-848e4fc09395"}}
{"__type":"$$EventMessageConfirm","confirm":"b22db79e-8db0-4dfc-a6b1-91124a77f57c","ts":"2025-08-19T10:16:53.366-04:00","source":{"id":"0","name":"eventBus"}}
{"__type":"$$EventMessageNode","id":"ea2511ee-18e4-4450-91dc-0864c003c03d","ts":"2025-08-19T10:16:53.368-04:00","eventName":"n8n.node.finished","message":"n8n.node.finished","payload":{"workflowId":"ja5VZHA4RlmLFvJE","workflowName":"My workflow","executionId":"126","nodeType":"n8n-nodes-base.webhook","nodeName":"Webhook","nodeId":"1bebf6e9-d809-4fde-99e4-848e4fc09395"}}
{"__type":"$$EventMessageConfirm","confirm":"ea2511ee-18e4-4450-91dc-0864c003c03d","ts":"2025-08-19T10:16:53.369-04:00","source":{"id":"0","name":"eventBus"}}
{"__type":"$$EventMessageWorkflow","id":"bc791d45-3529-46cc-9027-c263cd7ac502","ts":"2025-08-19T10:16:53.371-04:00","eventName":"n8n.workflow.success","message":"n8n.workflow.success","payload":{"executionId":"126","success":true,"isManual":false,"workflowId":"ja5VZHA4RlmLFvJE","workflowName":"My workflow"}}
{"__type":"$$EventMessageConfirm","confirm":"bc791d45-3529-46cc-9027-c263cd7ac502","ts":"2025-08-19T10:16:53.372-04:00","source":{"id":"0","name":"eventBus"}}
{"__type":"$$EventMessageWorkflow","id":"10a3120e-47e7-4190-8366-b8146e800dd8","ts":"2025-08-19T10:26:12.437-04:00","eventName":"n8n.workflow.started","message":"n8n.workflow.started","payload":{"executionId":"127","workflowId":"ja5VZHA4RlmLFvJE","isManual":false,"workflowName":"My workflow"}}
{"__type":"$$EventMessageConfirm","confirm":"10a3120e-47e7-4190-8366-b8146e800dd8","ts":"2025-08-19T10:26:12.439-04:00","source":{"id":"0","name":"eventBus"}}
{"__type":"$$EventMessageNode","id":"7bb3e2cf-30cd-4520-940a-63d4526859de","ts":"2025-08-19T10:26:12.442-04:00","eventName":"n8n.node.started","message":"n8n.node.started","payload":{"workflowId":"ja5VZHA4RlmLFvJE","workflowName":"My workflow","executionId":"127","nodeType":"n8n-nodes-base.webhook","nodeName":"Webhook","nodeId":"1bebf6e9-d809-4fde-99e4-848e4fc09395"}}
{"__type":"$$EventMessageConfirm","confirm":"7bb3e2cf-30cd-4520-940a-63d4526859de","ts":"2025-08-19T10:26:12.443-04:00","source":{"id":"0","name":"eventBus"}}
{"__type":"$$EventMessageNode","id":"a318b685-e0ce-4824-b465-f073d969c9c5","ts":"2025-08-19T10:26:12.445-04:00","eventName":"n8n.node.finished","message":"n8n.node.finished","payload":{"workflowId":"ja5VZHA4RlmLFvJE","workflowName":"My workflow","executionId":"127","nodeType":"n8n-nodes-base.webhook","nodeName":"Webhook","nodeId":"1bebf6e9-d809-4fde-99e4-848e4fc09395"}}
{"__type":"$$EventMessageConfirm","confirm":"a318b685-e0ce-4824-b465-f073d969c9c5","ts":"2025-08-19T10:26:12.446-04:00","source":{"id":"0","name":"eventBus"}}
{"__type":"$$EventMessageWorkflow","id":"abf8583f-ec91-4ddc-92b1-534ce4d387c6","ts":"2025-08-19T10:26:12.448-04:00","eventName":"n8n.workflow.success","message":"n8n.workflow.success","payload":{"executionId":"127","success":true,"isManual":false,"workflowId":"ja5VZHA4RlmLFvJE","workflowName":"My workflow"}}
{"__type":"$$EventMessageConfirm","confirm":"abf8583f-ec91-4ddc-92b1-534ce4d387c6","ts":"2025-08-19T10:26:12.449-04:00","source":{"id":"0","name":"eventBus"}}
{"__type":"$$EventMessageWorkflow","id":"078e4623-8c4c-4e19-b6b6-abdf183a6c52","ts":"2025-08-19T10:26:57.552-04:00","eventName":"n8n.workflow.started","message":"n8n.workflow.started","payload":{"executionId":"128","workflowId":"ja5VZHA4RlmLFvJE","isManual":false,"workflowName":"My workflow"}}
{"__type":"$$EventMessageConfirm","confirm":"078e4623-8c4c-4e19-b6b6-abdf183a6c52","ts":"2025-08-19T10:26:57.553-04:00","source":{"id":"0","name":"eventBus"}}
{"__type":"$$EventMessageNode","id":"15c9a332-228c-4e1a-a13c-5f653e05bcad","ts":"2025-08-19T10:26:57.554-04:00","eventName":"n8n.node.started","message":"n8n.node.started","payload":{"workflowId":"ja5VZHA4RlmLFvJE","workflowName":"My workflow","executionId":"128","nodeType":"n8n-nodes-base.webhook","nodeName":"Webhook","nodeId":"1bebf6e9-d809-4fde-99e4-848e4fc09395"}}
{"__type":"$$EventMessageConfirm","confirm":"15c9a332-228c-4e1a-a13c-5f653e05bcad","ts":"2025-08-19T10:26:57.554-04:00","source":{"id":"0","name":"eventBus"}}
{"__type":"$$EventMessageNode","id":"04776d0a-89f5-4654-949b-482b1f6d0128","ts":"2025-08-19T10:26:57.556-04:00","eventName":"n8n.node.finished","message":"n8n.node.finished","payload":{"workflowId":"ja5VZHA4RlmLFvJE","workflowName":"My workflow","executionId":"128","nodeType":"n8n-nodes-base.webhook","nodeName":"Webhook","nodeId":"1bebf6e9-d809-4fde-99e4-848e4fc09395"}}
{"__type":"$$EventMessageConfirm","confirm":"04776d0a-89f5-4654-949b-482b1f6d0128","ts":"2025-08-19T10:26:57.556-04:00","source":{"id":"0","name":"eventBus"}}
{"__type":"$$EventMessageWorkflow","id":"0cfc3adf-0f52-4544-8a3f-80d38dbdafeb","ts":"2025-08-19T10:26:57.561-04:00","eventName":"n8n.workflow.success","message":"n8n.workflow.success","payload":{"executionId":"128","success":true,"isManual":false,"workflowId":"ja5VZHA4RlmLFvJE","workflowName":"My workflow"}}
{"__type":"$$EventMessageConfirm","confirm":"0cfc3adf-0f52-4544-8a3f-80d38dbdafeb","ts":"2025-08-19T10:26:57.562-04:00","source":{"id":"0","name":"eventBus"}}
{"__type":"$$EventMessageWorkflow","id":"893aa3c3-88eb-46d2-88dc-1f7f49b944ab","ts":"2025-08-19T10:27:11.111-04:00","eventName":"n8n.workflow.started","message":"n8n.workflow.started","payload":{"executionId":"129","workflowId":"ja5VZHA4RlmLFvJE","isManual":false,"workflowName":"My workflow"}}
{"__type":"$$EventMessageConfirm","confirm":"893aa3c3-88eb-46d2-88dc-1f7f49b944ab","ts":"2025-08-19T10:27:11.112-04:00","source":{"id":"0","name":"eventBus"}}
{"__type":"$$EventMessageNode","id":"74585f35-d1b9-4d5f-96d6-61c5df75a6e8","ts":"2025-08-19T10:27:11.113-04:00","eventName":"n8n.node.started","message":"n8n.node.started","payload":{"workflowId":"ja5VZHA4RlmLFvJE","workflowName":"My workflow","executionId":"129","nodeType":"n8n-nodes-base.webhook","nodeName":"Webhook","nodeId":"1bebf6e9-d809-4fde-99e4-848e4fc09395"}}
{"__type":"$$EventMessageConfirm","confirm":"74585f35-d1b9-4d5f-96d6-61c5df75a6e8","ts":"2025-08-19T10:27:11.114-04:00","source":{"id":"0","name":"eventBus"}}
{"__type":"$$EventMessageNode","id":"3bf87a37-eef3-472a-a3e0-92db35d47a5b","ts":"2025-08-19T10:27:11.115-04:00","eventName":"n8n.node.finished","message":"n8n.node.finished","payload":{"workflowId":"ja5VZHA4RlmLFvJE","workflowName":"My workflow","executionId":"129","nodeType":"n8n-nodes-base.webhook","nodeName":"Webhook","nodeId":"1bebf6e9-d809-4fde-99e4-848e4fc09395"}}
{"__type":"$$EventMessageConfirm","confirm":"3bf87a37-eef3-472a-a3e0-92db35d47a5b","ts":"2025-08-19T10:27:11.115-04:00","source":{"id":"0","name":"eventBus"}}
{"__type":"$$EventMessageWorkflow","id":"c90e1e25-eee6-49c2-a616-9a372c1ad70d","ts":"2025-08-19T10:27:11.116-04:00","eventName":"n8n.workflow.success","message":"n8n.workflow.success","payload":{"executionId":"129","success":true,"isManual":false,"workflowId":"ja5VZHA4RlmLFvJE","workflowName":"My workflow"}}
{"__type":"$$EventMessageConfirm","confirm":"c90e1e25-eee6-49c2-a616-9a372c1ad70d","ts":"2025-08-19T10:27:11.117-04:00","source":{"id":"0","name":"eventBus"}}
